<?xml version="1.0" encoding="UTF-8"?>
<testng-results skipped="0" failed="0" ignored="0" total="2" passed="2">
  <reporter-output>
  </reporter-output>
  <suite name="Suite Test" duration-ms="23786" started-at="2017-09-30T08:27:39Z" finished-at="2017-09-30T08:28:03Z">
    <groups>
    </groups>
    <test name="DriverTest" duration-ms="23786" started-at="2017-09-30T08:27:39Z" finished-at="2017-09-30T08:28:03Z">
      <class name="com.bitm.newtours5th.Test.LoginTest">
        <test-method status="PASS" signature="checkloginpagetitle()[pri:1, instance:com.bitm.newtours5th.Test.LoginTest@27efef64]" name="checkloginpagetitle" duration-ms="21534" started-at="2017-09-30T14:27:39Z" finished-at="2017-09-30T14:28:01Z">
          <reporter-output>
          </reporter-output>
        </test-method> <!-- checkloginpagetitle -->
        <test-method status="PASS" signature="logintest(java.util.List)[pri:2, instance:com.bitm.newtours5th.Test.LoginTest@27efef64]" name="logintest" duration-ms="1153" started-at="2017-09-30T14:28:02Z" data-provider="loginData" finished-at="2017-09-30T14:28:03Z">
          <params>
            <param index="0">
              <value>
                <![CDATA[[LoginDTO [userName=tutorial, password=tutorial]]]]>
              </value>
            </param>
          </params>
          <reporter-output>
          </reporter-output>
        </test-method> <!-- logintest -->
      </class> <!-- com.bitm.newtours5th.Test.LoginTest -->
    </test> <!-- DriverTest -->
  </suite> <!-- Suite Test -->
</testng-results>
