<?xml version="1.0" encoding="UTF-8"?>
<!-- Generated by org.testng.reporters.JUnitXMLReporter -->
<testsuite hostname="DESKTOP-HD6R10L" ignored="0" name="DriverTest" tests="2" failures="1" timestamp="09 Sep 2017 07:25:49 GMT" time="17.793" errors="0">
  <testcase name="checkloginpagetitle" time="16.704" classname="com.bitm.newtours5th.Test.LoginTest">
    <failure type="java.lang.AssertionError" message="expected [Welcome: Mercury Tours as] but found [Welcome: Mercury Tours]">
      <![CDATA[java.lang.AssertionError: expected [Welcome: Mercury Tours as] but found [Welcome: Mercury Tours]
	at com.bitm.newtours5th.Test.LoginTest.checkloginpagetitle(LoginTest.java:21)
... Removed 31 stack frames]]>
    </failure>
  </testcase> <!-- checkloginpagetitle -->
  <testcase name="logintest" time="1.039" classname="com.bitm.newtours5th.Test.LoginTest"/>
</testsuite> <!-- DriverTest -->
